12:10:28.336 [main] INFO  TestBase.BaseClass - **** Starting TC_4_ValidateLanguageList ****
12:10:28.353 [main] DEBUG TestBase.BaseClass - Application logs started......
12:10:28.759 [main] INFO  TestBase.BaseClass - Validating Language List
12:10:28.759 [main] INFO  TestBase.BaseClass - Test Passed
12:10:28.760 [main] DEBUG TestBase.BaseClass - Application logs end.......
12:10:28.760 [main] INFO  TestBase.BaseClass - **** Finished TC_4_ValidateLanguageList ****
12:10:29.000 [main] INFO  TestBase.BaseClass - **** Starting TC_5_ValidateGSDDetails ****
12:10:29.001 [main] DEBUG TestBase.BaseClass - Application logs started......
12:10:50.872 [main] INFO  TestBase.BaseClass - Validating Tooltips
12:10:50.872 [main] INFO  TestBase.BaseClass - Test Passed
12:10:50.872 [main] DEBUG TestBase.BaseClass - Application logs end.......
12:10:50.872 [main] INFO  TestBase.BaseClass - **** Finished TC_5_ValidateGSDDetails ****
12:11:15.492 [main] INFO  TestBase.BaseClass - **** Starting TC_1_ValidateUser ****
12:11:15.492 [main] DEBUG TestBase.BaseClass - Application logs started......
12:11:18.928 [main] INFO  TestBase.BaseClass - Clicked on User Information
12:11:22.046 [main] INFO  TestBase.BaseClass - Getting User Information
12:11:22.367 [main] INFO  TestBase.BaseClass - Clicked on One Cognizant
12:11:22.367 [main] INFO  TestBase.BaseClass - Test Passed
12:11:22.367 [main] DEBUG TestBase.BaseClass - Application logs end.......
12:11:22.367 [main] INFO  TestBase.BaseClass - **** Finished TC_1_ValidateUser ****
12:11:23.167 [main] INFO  TestBase.BaseClass - **** Starting TC_2_ValidateWelcomeMessage ****
12:11:23.167 [main] DEBUG TestBase.BaseClass - Application logs started......
12:11:23.330 [main] ERROR TestBase.BaseClass - Test Failed..
12:11:23.330 [main] DEBUG TestBase.BaseClass - Debug logs....
12:11:23.346 [main] INFO  TestBase.BaseClass - **** Starting TC_3_ValidateLanguageAndCountry ****
12:11:23.346 [main] DEBUG TestBase.BaseClass - Application logs started......
12:11:23.457 [main] ERROR TestBase.BaseClass - Test Failed..
12:11:23.457 [main] DEBUG TestBase.BaseClass - Debug logs....
12:11:23.464 [main] INFO  TestBase.BaseClass - **** Starting TC_4_ValidateLanguageList ****
12:11:23.465 [main] DEBUG TestBase.BaseClass - Application logs started......
12:11:23.502 [main] ERROR TestBase.BaseClass - Test Failed..
12:11:23.502 [main] DEBUG TestBase.BaseClass - Debug logs....
12:11:23.508 [main] INFO  TestBase.BaseClass - **** Starting TC_5_ValidateGSDDetails ****
12:11:23.509 [main] DEBUG TestBase.BaseClass - Application logs started......
12:11:23.555 [main] ERROR TestBase.BaseClass - Test Failed..
12:11:23.556 [main] DEBUG TestBase.BaseClass - Debug logs....
12:13:33.435 [main] INFO  TestBase.BaseClass - **** Starting TC_1_ValidateUser ****
12:13:33.440 [main] DEBUG TestBase.BaseClass - Application logs started......
12:13:44.016 [main] ERROR TestBase.BaseClass - Test Failed..
12:13:44.016 [main] DEBUG TestBase.BaseClass - Debug logs....
12:13:44.074 [main] INFO  TestBase.BaseClass - **** Starting TC_2_ValidateWelcomeMessage ****
12:13:44.074 [main] DEBUG TestBase.BaseClass - Application logs started......
12:13:44.109 [main] ERROR TestBase.BaseClass - Test Failed..
12:13:44.109 [main] DEBUG TestBase.BaseClass - Debug logs....
12:13:44.120 [main] INFO  TestBase.BaseClass - **** Starting TC_3_ValidateLanguageAndCountry ****
12:13:44.121 [main] DEBUG TestBase.BaseClass - Application logs started......
12:13:44.133 [main] ERROR TestBase.BaseClass - Test Failed..
12:13:44.133 [main] DEBUG TestBase.BaseClass - Debug logs....
12:13:44.144 [main] INFO  TestBase.BaseClass - **** Starting TC_4_ValidateLanguageList ****
12:13:44.144 [main] DEBUG TestBase.BaseClass - Application logs started......
12:13:44.157 [main] ERROR TestBase.BaseClass - Test Failed..
12:13:44.157 [main] DEBUG TestBase.BaseClass - Debug logs....
12:13:44.167 [main] INFO  TestBase.BaseClass - **** Starting TC_5_ValidateGSDDetails ****
12:13:44.168 [main] DEBUG TestBase.BaseClass - Application logs started......
12:13:45.226 [main] ERROR TestBase.BaseClass - Test Failed..
12:13:45.226 [main] DEBUG TestBase.BaseClass - Debug logs....
12:14:21.577 [main] INFO  TestBase.BaseClass - **** Starting TC_1_ValidateUser ****
12:14:21.582 [main] DEBUG TestBase.BaseClass - Application logs started......
12:14:25.809 [main] INFO  TestBase.BaseClass - Clicked on User Information
12:14:28.968 [main] INFO  TestBase.BaseClass - Getting User Information
12:14:29.275 [main] INFO  TestBase.BaseClass - Clicked on One Cognizant
12:14:29.275 [main] INFO  TestBase.BaseClass - Test Passed
12:14:29.276 [main] DEBUG TestBase.BaseClass - Application logs end.......
12:14:29.276 [main] INFO  TestBase.BaseClass - **** Finished TC_1_ValidateUser ****
12:14:30.439 [main] INFO  TestBase.BaseClass - **** Starting TC_2_ValidateWelcomeMessage ****
12:14:30.439 [main] DEBUG TestBase.BaseClass - Application logs started......
